Compilación iniciada a las 03/03/2015 8:42:06.
     1>Proyecto "G:\Practica1_Programacion2\UnitTest1\UnitTest1.vcxproj" en el nodo 2 (Build destinos).
     1>ClCompile:
         C:\Program Files (x86)\Microsoft Visual Studio 12.0\VC\bin\CL.exe /c /I"C:\Program Files (x86)\Microsoft Visual Studio 12.0\VC\UnitTest\include" /ZI /nologo /W3 /WX- /Od /Oy- /D WIN32 /D _DEBUG /D _WINDLL /D _UNICODE /D UNICODE /Gm /EHsc /RTC1 /MDd /GS /fp:precise /Zc:wchar_t /Zc:forScope /Yu"stdafx.h" /Fp"Debug\UnitTest1.pch" /Fo"Debug\\" /Fd"Debug\vc120.pdb" /Gd /TP /analyze- /FC /errorReport:prompt unittest1.cpp
         unittest1.cpp
       Link:
         C:\Program Files (x86)\Microsoft Visual Studio 12.0\VC\bin\link.exe /ERRORREPORT:PROMPT /OUT:"G:\Practica1_Programacion2\Debug\UnitTest1.dll" /INCREMENTAL /NOLOGO /LIBPATH:"C:\Program Files (x86)\Microsoft Visual Studio 12.0\VC\UnitTest\lib" kernel32.lib user32.lib gdi32.lib winspool.lib comdlg32.lib advapi32.lib shell32.lib ole32.lib oleaut32.lib uuid.lib odbc32.lib odbccp32.lib /MANIFEST /MANIFESTUAC:"level='asInvoker' uiAccess='false'" /manifest:embed /DEBUG /PDB:"G:\Practica1_Programacion2\Debug\UnitTest1.pdb" /SUBSYSTEM:WINDOWS /TLBID:1 /DYNAMICBASE /NXCOMPAT /IMPLIB:"G:\Practica1_Programacion2\Debug\UnitTest1.lib" /MACHINE:X86 /DLL Debug\stdafx.obj
         Debug\unittest1.obj
            Creando biblioteca G:\Practica1_Programacion2\Debug\UnitTest1.lib y objeto G:\Practica1_Programacion2\Debug\UnitTest1.exp
     1>unittest1.obj : error LNK2019: símbolo externo "public: __thiscall Punto2d::Punto2d(void)" (??0Punto2d@@QAE@XZ) sin resolver al que se hace referencia en la función "public: void __thiscall UnitTest1::UnitTest1::TestMethod10(void)" (?TestMethod10@UnitTest1@1@QAEXXZ)
     1>unittest1.obj : error LNK2019: símbolo externo "public: class Punto2d __thiscall Punto2d::operator-(class Punto2d const &)const " (??GPunto2d@@QBE?AV0@ABV0@@Z) sin resolver al que se hace referencia en la función "public: void __thiscall UnitTest1::UnitTest1::TestMethod7(void)" (?TestMethod7@UnitTest1@1@QAEXXZ)
     1>unittest1.obj : error LNK2019: símbolo externo "public: class Punto2d __thiscall Punto2d::operator+(class Punto2d const &)const " (??HPunto2d@@QBE?AV0@ABV0@@Z) sin resolver al que se hace referencia en la función "public: void __thiscall UnitTest1::UnitTest1::TestMethod5(void)" (?TestMethod5@UnitTest1@1@QAEXXZ)
     1>unittest1.obj : error LNK2019: símbolo externo "public: class Punto2d __thiscall Punto2d::operator=(class Punto2d const &)" (??4Punto2d@@QAE?AV0@ABV0@@Z) sin resolver al que se hace referencia en la función "public: void __thiscall UnitTest1::UnitTest1::TestMethod5(void)" (?TestMethod5@UnitTest1@1@QAEXXZ)
     1>unittest1.obj : error LNK2019: símbolo externo "public: bool __thiscall Punto2d::operator==(class Punto2d const &)const " (??8Punto2d@@QBE_NABV0@@Z) sin resolver al que se hace referencia en la función "public: void __thiscall UnitTest1::UnitTest1::TestMethod5(void)" (?TestMethod5@UnitTest1@1@QAEXXZ)
     1>unittest1.obj : error LNK2019: símbolo externo "public: bool __thiscall Punto2d::operator!=(class Punto2d const &)const " (??9Punto2d@@QBE_NABV0@@Z) sin resolver al que se hace referencia en la función "public: void __thiscall UnitTest1::UnitTest1::TestMethod10(void)" (?TestMethod10@UnitTest1@1@QAEXXZ)
     1>unittest1.obj : error LNK2019: símbolo externo "public: bool __thiscall Punto2d::IsZero(void)" (?IsZero@Punto2d@@QAE_NXZ) sin resolver al que se hace referencia en la función "public: void __thiscall UnitTest1::UnitTest1::TestMethod2(void)" (?TestMethod2@UnitTest1@1@QAEXXZ)
     1>unittest1.obj : error LNK2019: símbolo externo "public: class Punto2d & __thiscall Punto2d::SetZero(void)" (?SetZero@Punto2d@@QAEAAV1@XZ) sin resolver al que se hace referencia en la función "public: void __thiscall UnitTest1::UnitTest1::TestMethod1(void)" (?TestMethod1@UnitTest1@1@QAEXXZ)
     1>unittest1.obj : error LNK2019: símbolo externo "public: float __thiscall Punto2d::DistanceTo(class Punto2d)" (?DistanceTo@Punto2d@@QAEMV1@@Z) sin resolver al que se hace referencia en la función "public: void __thiscall UnitTest1::UnitTest1::TestMethod4(void)" (?TestMethod4@UnitTest1@1@QAEXXZ)
     1>unittest1.obj : error LNK2019: símbolo externo "public: __thiscall Cadena::Cadena(void)" (??0Cadena@@QAE@XZ) sin resolver al que se hace referencia en la función "public: void __thiscall UnitTest1::UnitTest1::TestMethod11(void)" (?TestMethod11@UnitTest1@1@QAEXXZ)
     1>unittest1.obj : error LNK2019: símbolo externo "public: __thiscall Cadena::~Cadena(void)" (??1Cadena@@QAE@XZ) sin resolver al que se hace referencia en la función "public: void __thiscall UnitTest1::UnitTest1::TestMethod11(void)" (?TestMethod11@UnitTest1@1@QAEXXZ)
     1>unittest1.obj : error LNK2019: símbolo externo "public: bool __thiscall Cadena::operator==(char const *)" (??8Cadena@@QAE_NPBD@Z) sin resolver al que se hace referencia en la función "public: void __thiscall UnitTest1::UnitTest1::TestMethod11(void)" (?TestMethod11@UnitTest1@1@QAEXXZ)
     1>unittest1.obj : error LNK2019: símbolo externo "public: bool __thiscall Cadena::operator==(class Cadena const &)" (??8Cadena@@QAE_NABV0@@Z) sin resolver al que se hace referencia en la función "public: void __thiscall UnitTest1::UnitTest1::TestMethod13(void)" (?TestMethod13@UnitTest1@1@QAEXXZ)
     1>unittest1.obj : error LNK2019: símbolo externo "public: bool __thiscall Cadena::operator!=(class Cadena const &)" (??9Cadena@@QAE_NABV0@@Z) sin resolver al que se hace referencia en la función "public: void __thiscall UnitTest1::UnitTest1::TestMethod17(void)" (?TestMethod17@UnitTest1@1@QAEXXZ)
     1>unittest1.obj : error LNK2019: símbolo externo "public: class Cadena & __thiscall Cadena::operator=(class Cadena const &)" (??4Cadena@@QAEAAV0@ABV0@@Z) sin resolver al que se hace referencia en la función "public: void __thiscall UnitTest1::UnitTest1::TestMethod15(void)" (?TestMethod15@UnitTest1@1@QAEXXZ)
     1>unittest1.obj : error LNK2019: símbolo externo "public: class Cadena & __thiscall Cadena::operator+=(class Cadena const &)" (??YCadena@@QAEAAV0@ABV0@@Z) sin resolver al que se hace referencia en la función "public: void __thiscall UnitTest1::UnitTest1::TestMethod20(void)" (?TestMethod20@UnitTest1@1@QAEXXZ)
     1>unittest1.obj : error LNK2019: símbolo externo "public: int __thiscall Cadena::Length(void)" (?Length@Cadena@@QAEHXZ) sin resolver al que se hace referencia en la función "public: void __thiscall UnitTest1::UnitTest1::TestMethod15(void)" (?TestMethod15@UnitTest1@1@QAEXXZ)
     1>unittest1.obj : error LNK2019: símbolo externo "public: char * __thiscall Cadena::GetString(void)" (?GetString@Cadena@@QAEPADXZ) sin resolver al que se hace referencia en la función "public: void __thiscall UnitTest1::UnitTest1::TestMethod24(void)" (?TestMethod24@UnitTest1@1@QAEXXZ)
     1>unittest1.obj : error LNK2019: símbolo externo "public: void __thiscall Cadena::Clear(void)" (?Clear@Cadena@@QAEXXZ) sin resolver al que se hace referencia en la función "public: void __thiscall UnitTest1::UnitTest1::TestMethod21(void)" (?TestMethod21@UnitTest1@1@QAEXXZ)
     1>unittest1.obj : error LNK2019: símbolo externo "public: void __thiscall Cadena::Alloc(int)" (?Alloc@Cadena@@QAEXH@Z) sin resolver al que se hace referencia en la función "public: void __thiscall UnitTest1::UnitTest1::TestMethod22(void)" (?TestMethod22@UnitTest1@1@QAEXXZ)
     1>G:\Practica1_Programacion2\Debug\UnitTest1.dll : fatal error LNK1120: 20 externos sin resolver
     1>Compilación del proyecto terminada "G:\Practica1_Programacion2\UnitTest1\UnitTest1.vcxproj" (Build destinos) -- ERROR.

ERROR al compilar.

Tiempo transcurrido 00:00:21.61
